2017/06/25 15:33:26 Starting http_blaster
2017/06/25 15:33:26 Running test on 192.168.206.10:8081, tls mode=false, block size=5, test timeout 2m40s
2017/06/25 15:33:26 Adding executor for  json2kv_example
2017/06/25 15:33:26 at executor start  {test json2kv 1 test_emd1/  30s 0 10 0 map[] examples/payloads/json_sample.txt 0 0 false json2kv examples/schemas/schema_parse_json_example.json 0}
2017/06/25 15:33:26 Wait for executors to finish
2017/06/25 15:33:26 examples/payloads/json_sample.txt
2017/06/25 15:33:26 Finish file scaning, generated 13 records
2017/06/25 15:33:26 Ending  test json2kv
2017/06/25 15:33:26 report for wl  0 :
2017/06/25 15:33:26 Total Requests  13
2017/06/25 15:33:26 Min:  0s
2017/06/25 15:33:26 Max:  1.405339ms
2017/06/25 15:33:26 Avg:  1.867785ms
2017/06/25 15:33:26 Error Count:  0
2017/06/25 15:33:26 Statuses: 
2017/06/25 15:33:26 204 - 13
2017/06/25 15:33:26 iops:  13
2017/06/25 15:33:26 status code 204 occured 100.000000% during the test "test json2kv"
2017/06/25 15:33:26 report for wl  0 :
2017/06/25 15:33:26 Total Requests  13
2017/06/25 15:33:26 Min:  0s
2017/06/25 15:33:26 Max:  1.405339ms
2017/06/25 15:33:26 Avg:  1.867785ms
2017/06/25 15:33:26 Error Count:  0
2017/06/25 15:33:26 Statuses: 
2017/06/25 15:33:26 204 - 13
2017/06/25 15:33:26 iops:  13
2017/06/25 15:33:26 status code 204 occured 100.000000% during the test "test json2kv"
2017/06/25 15:33:26 Duration:  5.937982ms
2017/06/25 15:33:26 Overall Results: 
2017/06/25 15:33:26 Overall Requests:  13
2017/06/25 15:33:26 Overall GET Requests:  0
2017/06/25 15:33:26 Overall GET Min Latency:  0s
2017/06/25 15:33:26 Overall GET Max Latency:  0s
2017/06/25 15:33:26 Overall GET Avg Latency:  0s
2017/06/25 15:33:26 Overall PUT Requests:  13
2017/06/25 15:33:26 Overall PUT Min Latency:  0s
2017/06/25 15:33:26 Overall PUT Max Latency:  1.405339ms
2017/06/25 15:33:26 Overall PUT Avg Latency:  1.867785ms
2017/06/25 15:33:26 Overall IOPS:  13
2017/06/25 15:33:26 Overall GET IOPS:  0
2017/06/25 15:33:26 Overall PUT IOPS:  13
2017/06/25 15:33:26 Test completed successfully
